Сборка начата 09.02.2024 18:14:42.
Уровень детализации журнала: Normal.     1>Проект "D:\education\raboti\Labi\KPO_2sem\lab1\lab1-1\lab1\lab2.vcxproj" в узле 2 (целевые объекты Build).
     1>C:\Program Files\Microsoft Visual Studio\2022\Community\MSBuild\Microsoft\VC\v170\Microsoft.CppBuild.targets(531,5): warning MSB8028: промежуточный каталог (x64\Debug\) содержит файлы, которые используются совместно с другим проектом (lab2.vcxproj).  Это может привести к ошибкам очистки и перестроения.
     1>InitializeBuildStatus:
         Создание "x64\Debug\lab1-1.tlog\unsuccessfulbuild", так как было задано "AlwaysCreate".
         Обращение к "x64\Debug\lab1-1.tlog\unsuccessfulbuild".
       ClCompile:
         C:\Program Files\Microsoft Visual Studio\2022\Community\VC\Tools\MSVC\14.37.32822\bin\HostX64\x64\CL.exe /c /ZI /JMC /nologo /W3 /WX- /diagnostics:column /sdl /Od /D _DEBUG /D _CONSOLE /D _UNICODE /D UNICODE /Gm- /EHsc /RTC1 /MDd /GS /fp:precise /Zc:wchar_t /Zc:forScope /Zc:inline /permissive- /Fo"x64\Debug\\" /Fd"x64\Debug\vc143.pdb" /external:W3 /Gd /TP /FC /errorReport:prompt lab1.cpp
         lab1.cpp
     1>D:\education\raboti\Labi\KPO_2sem\lab1\lab1-1\lab1\lab1.cpp(31,13): error C3861: check: идентификатор не найден
     1>D:\education\raboti\Labi\KPO_2sem\lab1\lab1-1\lab1\lab1.cpp(33,14): error C3861: check: идентификатор не найден
     1>Сборка проекта "D:\education\raboti\Labi\KPO_2sem\lab1\lab1-1\lab1\lab2.vcxproj" завершена (целевые объекты Build) с ошибкой.

Ошибка сборки.

       "D:\education\raboti\Labi\KPO_2sem\lab1\lab1-1\lab1\lab2.vcxproj" (целевой объект Build ) (1) ->
       (Целевой объект PrepareForBuild) -> 
         C:\Program Files\Microsoft Visual Studio\2022\Community\MSBuild\Microsoft\VC\v170\Microsoft.CppBuild.targets(531,5): warning MSB8028: промежуточный каталог (x64\Debug\) содержит файлы, которые используются совместно с другим проектом (lab2.vcxproj).  Это может привести к ошибкам очистки и перестроения.


       "D:\education\raboti\Labi\KPO_2sem\lab1\lab1-1\lab1\lab2.vcxproj" (целевой объект Build ) (1) ->
       (Целевой объект ClCompile) -> 
         D:\education\raboti\Labi\KPO_2sem\lab1\lab1-1\lab1\lab1.cpp(31,13): error C3861: check: идентификатор не найден
         D:\education\raboti\Labi\KPO_2sem\lab1\lab1-1\lab1\lab1.cpp(33,14): error C3861: check: идентификатор не найден

    Предупреждений: 1
    Ошибок: 2

Прошло времени 00:00:00.58
